# JRE version: OpenJDK Runtime Environment (21.0.3) (build 21.0.3+-12282718-b509.11)
# Java VM: OpenJDK 64-Bit Server VM (21.0.3+-12282718-b509.11, mixed mode, tiered, compressed oops, compressed class ptrs, g1 gc, windows-amd64)
GC Precious Log:
 CardTable entry size: 512
 Card Set container configuration: InlinePtr #cards 5 size 8 Array Of Cards #cards 12 size 40 Howl #buckets 4 coarsen threshold 1843 Howl Bitmap #cards 512 size 80 coarsen threshold 460 Card regions per heap region 1 cards per card region 2048
 CPUs: 8 total, 8 available
 Memory: 8027M
 Large Page Support: Disabled
 NUMA Support: Disabled
 Compressed Oops: Enabled (32-bit)
 Heap Region Size: 1M
 Heap Min Capacity: 8M
 Heap Initial Capacity: 126M
 Heap Max Capacity: 2008M
 Pre-touch: Disabled
 Parallel Workers: 8
 Concurrent Workers: 2
 Concurrent Refinement Workers: 8
 Periodic GC: Disabled
Heap:
 garbage-first heap   total 97280K, used 65185K [0x0000000082800000, 0x0000000100000000)
  region size 1024K, 20 young (20480K), 3 survivors (3072K)
 Metaspace       used 60198K, committed 60928K, reserved 1114112K
  class space    used 7060K, committed 7424K, reserved 1048576K
GC Heap History (20 events):
Event: 4.245 GC heap before
{Heap before GC invocations=7 (full 0):
 garbage-first heap   total 49152K, used 36544K [0x0000000082800000, 0x0000000100000000)
  region size 1024K, 22 young (22528K), 2 survivors (2048K)
 Metaspace       used 39871K, committed 40128K, reserved 1114112K
  class space    used 4808K, committed 4928K, reserved 1048576K
}
Event: 4.248 GC heap after
{Heap after GC invocations=8 (full 0):
 garbage-first heap   total 49152K, used 19150K [0x0000000082800000, 0x0000000100000000)
  region size 1024K, 3 young (3072K), 3 survivors (3072K)
 Metaspace       used 39871K, committed 40128K, reserved 1114112K
  class space    used 4808K, committed 4928K, reserved 1048576K
}
Event: 4.607 GC heap before
{Heap before GC invocations=8 (full 0):
 garbage-first heap   total 49152K, used 39630K [0x0000000082800000, 0x0000000100000000)
  region size 1024K, 23 young (23552K), 3 survivors (3072K)
 Metaspace       used 43249K, committed 43904K, reserved 1114112K
  class space    used 5240K, committed 5568K, reserved 1048576K
}
Event: 4.612 GC heap after
{Heap after GC invocations=9 (full 0):
 garbage-first heap   total 49152K, used 20732K [0x0000000082800000, 0x0000000100000000)
  region size 1024K, 2 young (2048K), 2 survivors (2048K)
 Metaspace       used 43249K, committed 43904K, reserved 1114112K
  class space    used 5240K, committed 5568K, reserved 1048576K
}
Event: 5.176 GC heap before
{Heap before GC invocations=9 (full 0):
 garbage-first heap   total 49152K, used 40188K [0x0000000082800000, 0x0000000100000000)
  region size 1024K, 21 young (21504K), 2 survivors (2048K)
 Metaspace       used 47623K, committed 48384K, reserved 1114112K
  class space    used 5748K, committed 6144K, reserved 1048576K
}
Event: 5.184 GC heap after
{Heap after GC invocations=10 (full 0):
 garbage-first heap   total 59392K, used 22809K [0x0000000082800000, 0x0000000100000000)
  region size 1024K, 3 young (3072K), 3 survivors (3072K)
 Metaspace       used 47623K, committed 48384K, reserved 1114112K
  class space    used 5748K, committed 6144K, reserved 1048576K
}
Event: 5.457 GC heap before
{Heap before GC invocations=10 (full 0):
 garbage-first heap   total 59392K, used 48409K [0x0000000082800000, 0x0000000100000000)
  region size 1024K, 28 young (28672K), 3 survivors (3072K)
 Metaspace       used 49183K, committed 49856K, reserved 1114112K
  class space    used 5932K, committed 6272K, reserved 1048576K
}
Event: 5.462 GC heap after
{Heap after GC invocations=11 (full 0):
 garbage-first heap   total 59392K, used 25068K [0x0000000082800000, 0x0000000100000000)
  region size 1024K, 4 young (4096K), 4 survivors (4096K)
 Metaspace       used 49183K, committed 49856K, reserved 1114112K
  class space    used 5932K, committed 6272K, reserved 1048576K
}
Event: 5.805 GC heap before
{Heap before GC invocations=11 (full 0):
 garbage-first heap   total 59392K, used 50668K [0x0000000082800000, 0x0000000100000000)
  region size 1024K, 28 young (28672K), 4 survivors (4096K)
 Metaspace       used 51716K, committed 52480K, reserved 1114112K
  class space    used 6216K, committed 6592K, reserved 1048576K
}
Event: 5.823 GC heap after
{Heap after GC invocations=12 (full 0):
 garbage-first heap   total 59392K, used 29696K [0x0000000082800000, 0x0000000100000000)
  region size 1024K, 4 young (4096K), 4 survivors (4096K)
 Metaspace       used 51716K, committed 52480K, reserved 1114112K
  class space    used 6216K, committed 6592K, reserved 1048576K
}
Event: 6.333 GC heap before
{Heap before GC invocations=12 (full 0):
 garbage-first heap   total 59392K, used 50176K [0x0000000082800000, 0x0000000100000000)
  region size 1024K, 25 young (25600K), 4 survivors (4096K)
 Metaspace       used 56033K, committed 56768K, reserved 1114112K
  class space    used 6748K, committed 7104K, reserved 1048576K
}
Event: 6.350 GC heap after
{Heap after GC invocations=13 (full 0):
 garbage-first heap   total 59392K, used 33496K [0x0000000082800000, 0x0000000100000000)
  region size 1024K, 4 young (4096K), 4 survivors (4096K)
 Metaspace       used 56033K, committed 56768K, reserved 1114112K
  class space    used 6748K, committed 7104K, reserved 1048576K
}
Event: 7.094 GC heap before
{Heap before GC invocations=13 (full 0):
 garbage-first heap   total 59392K, used 50904K [0x0000000082800000, 0x0000000100000000)
  region size 1024K, 21 young (21504K), 4 survivors (4096K)
 Metaspace       used 59012K, committed 59776K, reserved 1114112K
  class space    used 7010K, committed 7360K, reserved 1048576K
}
Event: 7.114 GC heap after
{Heap after GC invocations=14 (full 0):
 garbage-first heap   total 74752K, used 36556K [0x0000000082800000, 0x0000000100000000)
  region size 1024K, 3 young (3072K), 3 survivors (3072K)
 Metaspace       used 59012K, committed 59776K, reserved 1114112K
  class space    used 7010K, committed 7360K, reserved 1048576K
}
Event: 7.906 GC heap before
{Heap before GC invocations=15 (full 0):
 garbage-first heap   total 74752K, used 63180K [0x0000000082800000, 0x0000000100000000)
  region size 1024K, 29 young (29696K), 3 survivors (3072K)
 Metaspace       used 59705K, committed 60416K, reserved 1114112K
  class space    used 7023K, committed 7360K, reserved 1048576K
}
Event: 7.931 GC heap after
{Heap after GC invocations=16 (full 0):
 garbage-first heap   total 74752K, used 41289K [0x0000000082800000, 0x0000000100000000)
  region size 1024K, 4 young (4096K), 4 survivors (4096K)
 Metaspace       used 59705K, committed 60416K, reserved 1114112K
  class space    used 7023K, committed 7360K, reserved 1048576K
}
Event: 8.250 GC heap before
{Heap before GC invocations=16 (full 0):
 garbage-first heap   total 74752K, used 62793K [0x0000000082800000, 0x0000000100000000)
  region size 1024K, 26 young (26624K), 4 survivors (4096K)
 Metaspace       used 59986K, committed 60672K, reserved 1114112K
  class space    used 7041K, committed 7360K, reserved 1048576K
}
Event: 8.272 GC heap after
{Heap after GC invocations=17 (full 0):
 garbage-first heap   total 74752K, used 45568K [0x0000000082800000, 0x0000000100000000)
  region size 1024K, 4 young (4096K), 4 survivors (4096K)
 Metaspace       used 59986K, committed 60672K, reserved 1114112K
  class space    used 7041K, committed 7360K, reserved 1048576K
}
Event: 8.445 GC heap before
{Heap before GC invocations=17 (full 0):
 garbage-first heap   total 74752K, used 65024K [0x0000000082800000, 0x0000000100000000)
  region size 1024K, 23 young (23552K), 4 survivors (4096K)
 Metaspace       used 60198K, committed 60928K, reserved 1114112K
  class space    used 7060K, committed 7424K, reserved 1048576K
}
Event: 8.466 GC heap after
{Heap after GC invocations=18 (full 0):
 garbage-first heap   total 74752K, used 48801K [0x0000000082800000, 0x0000000100000000)
  region size 1024K, 3 young (3072K), 3 survivors (3072K)
 Metaspace       used 60198K, committed 60928K, reserved 1114112K
  class space    used 7060K, committed 7424K, reserved 1048576K
}

